This file contains any messages produced by compilers while
running configure, to aid debugging if configure makes a mistake.

It was created by configure, which was
generated by GNU Autoconf 2.69.  Invocation command line was

  $ ./configure 

## --------- ##
## Platform. ##
## --------- ##

hostname = local
uname -m = x86_64
uname -r = 16.6.0
uname -s = Darwin
uname -v = Darwin Kernel Version 16.6.0: Fri Apr 14 16:21:16 PDT 2017; root:xnu-3789.60.24~6/RELEASE_X86_64

/usr/bin/uname -p = i386
/bin/uname -X     = unknown

/bin/arch              = unknown
/usr/bin/arch -k       = unknown
/usr/convex/getsysinfo = unknown
/usr/bin/hostinfo      = Mach kernel version:
	 Darwin Kernel Version 16.6.0: Fri Apr 14 16:21:16 PDT 2017; root:xnu-3789.60.24~6/RELEASE_X86_64
Kernel configured for up to 4 processors.
2 processors are physically available.
4 processors are logically available.
Processor type: x86_64h (Intel x86-64h Haswell)
Processors active: 0 1 2 3
Primary memory available: 8.00 gigabytes
Default processor set: 372 tasks, 1691 threads, 4 processors
Load average: 1.47, Mach factor: 2.53
/bin/machine           = unknown
/usr/bin/oslevel       = unknown
/bin/universe          = unknown

PATH: /usr/local/sbin
PATH: /usr/local/opt/php55/bin
PATH: /usr/local/opt/php55/sbin
PATH: /usr/local/bin
PATH: /usr/local/sbin
PATH: /usr/local/bin
PATH: /usr/bin
PATH: /bin
PATH: /usr/sbin
PATH: /sbin
PATH: /usr/local/bin
PATH: /Users/linton/.rvm/bin
PATH: /Users/linton/.ssh/usm
PATH: /Users/linton/.rvm/bin


## ----------- ##
## Core tests. ##
## ----------- ##

configure:2324: checking for grep that handles long lines and -e
configure:2382: result: /usr/bin/grep
configure:2387: checking for egrep
configure:2449: result: /usr/bin/grep -E
configure:2454: checking for a sed that does not truncate output
configure:2508: result: /usr/bin/sed
configure:2645: checking for cc
configure:2661: found /usr/bin/cc
configure:2672: result: cc
configure:2703: checking for C compiler version
configure:2712: cc --version >&5
Apple LLVM version 8.1.0 (clang-802.0.42)
Target: x86_64-apple-darwin16.6.0
Thread model: posix
InstalledDir: /Applications/Xcode.app/Contents/Developer/Toolchains/XcodeDefault.xctoolchain/usr/bin
configure:2723: $? = 0
configure:2712: cc -v >&5
Apple LLVM version 8.1.0 (clang-802.0.42)
Target: x86_64-apple-darwin16.6.0
Thread model: posix
InstalledDir: /Applications/Xcode.app/Contents/Developer/Toolchains/XcodeDefault.xctoolchain/usr/bin
configure:2723: $? = 0
configure:2712: cc -V >&5
clang: error: argument to '-V' is missing (expected 1 value)
clang: error: no input files
configure:2723: $? = 1
configure:2712: cc -qversion >&5
clang: error: unknown argument: '-qversion'
clang: error: no input files
configure:2723: $? = 1
configure:2743: checking whether the C compiler works
configure:2765: cc    conftest.c  >&5
configure:2769: $? = 0
configure:2817: result: yes
configure:2820: checking for C compiler default output file name
configure:2822: result: a.out
configure:2828: checking for suffix of executables
configure:2835: cc -o conftest    conftest.c  >&5
configure:2839: $? = 0
configure:2861: result: 
configure:2883: checking whether we are cross compiling
configure:2891: cc -o conftest    conftest.c  >&5
configure:2895: $? = 0
configure:2902: ./conftest
configure:2906: $? = 0
configure:2921: result: no
configure:2926: checking for suffix of object files
configure:2948: cc -c   conftest.c >&5
configure:2952: $? = 0
configure:2973: result: o
configure:2977: checking whether we are using the GNU C compiler
configure:2996: cc -c   conftest.c >&5
configure:2996: $? = 0
configure:3005: result: yes
configure:3014: checking whether cc accepts -g
configure:3034: cc -c -g  conftest.c >&5
configure:3034: $? = 0
configure:3075: result: yes
configure:3092: checking for cc option to accept ISO C89
configure:3155: cc  -c -g -O2  conftest.c >&5
configure:3155: $? = 0
configure:3168: result: none needed
configure:3194: checking how to run the C preprocessor
configure:3225: cc -E  conftest.c
configure:3225: $? = 0
configure:3239: cc -E  conftest.c
conftest.c:9:10: fatal error: 'ac_nonexistent.h' file not found
#include <ac_nonexistent.h>
         ^
1 error generated.
configure:3239: $? = 1
configure: failed program was:
| /* confdefs.h */
| #define PACKAGE_NAME ""
| #define PACKAGE_TARNAME ""
| #define PACKAGE_VERSION ""
| #define PACKAGE_STRING ""
| #define PACKAGE_BUGREPORT ""
| #define PACKAGE_URL ""
| /* end confdefs.h.  */
| #include <ac_nonexistent.h>
configure:3264: result: cc -E
configure:3284: cc -E  conftest.c
configure:3284: $? = 0
configure:3298: cc -E  conftest.c
conftest.c:9:10: fatal error: 'ac_nonexistent.h' file not found
#include <ac_nonexistent.h>
         ^
1 error generated.
configure:3298: $? = 1
configure: failed program was:
| /* confdefs.h */
| #define PACKAGE_NAME ""
| #define PACKAGE_TARNAME ""
| #define PACKAGE_VERSION ""
| #define PACKAGE_STRING ""
| #define PACKAGE_BUGREPORT ""
| #define PACKAGE_URL ""
| /* end confdefs.h.  */
| #include <ac_nonexistent.h>
configure:3329: checking for icc
configure:3338: result: no
configure:3352: checking for suncc
configure:3361: result: no
configure:3379: checking whether cc understands -c and -o together
configure:3407: cc -c conftest.c -o conftest2.o >&5
configure:3411: $? = 0
configure:3417: cc -c conftest.c -o conftest2.o >&5
configure:3421: $? = 0
configure:3476: result: yes
configure:3490: checking for system library directory
configure:3505: result: lib
configure:3512: checking if compiler supports -R
configure:3531: cc -o conftest -g -O2   conftest.c -R /usr/lib  >&5
warning: unknown remark option '-R' [-Wunknown-warning-option]
1 warning generated.
ld: can't map file, errno=22 file '/usr/lib' for architecture x86_64
clang: error: linker command failed with exit code 1 (use -v to see invocation)
configure:3531: $? = 1
configure: failed program was:
| /* confdefs.h */
| #define PACKAGE_NAME ""
| #define PACKAGE_TARNAME ""
| #define PACKAGE_VERSION ""
| #define PACKAGE_STRING ""
| #define PACKAGE_BUGREPORT ""
| #define PACKAGE_URL ""
| /* end confdefs.h.  */
| 
| int
| main ()
| {
| 
|   ;
|   return 0;
| }
configure:3541: result: no
configure:3546: checking if compiler supports -Wl,-rpath,
configure:3565: cc -o conftest -g -O2   conftest.c -Wl,-rpath,/usr/lib  >&5
configure:3565: $? = 0
configure:3575: result: yes
configure:3620: checking build system type
configure:3634: result: x86_64-apple-darwin16.6.0
configure:3654: checking host system type
configure:3667: result: x86_64-apple-darwin16.6.0
configure:3687: checking target system type
configure:3700: result: x86_64-apple-darwin16.6.0
configure:3803: checking for PHP prefix
configure:3805: result: /usr/local/Cellar/php70/7.0.19_11
configure:3807: checking for PHP includes
configure:3809: result: -I/usr/local/Cellar/php70/7.0.19_11/include/php -I/usr/local/Cellar/php70/7.0.19_11/include/php/main -I/usr/local/Cellar/php70/7.0.19_11/include/php/TSRM -I/usr/local/Cellar/php70/7.0.19_11/include/php/Zend -I/usr/local/Cellar/php70/7.0.19_11/include/php/ext -I/usr/local/Cellar/php70/7.0.19_11/include/php/ext/date/lib
configure:3811: checking for PHP extension directory
configure:3813: result: /usr/local/Cellar/php70/7.0.19_11/lib/php/extensions/no-debug-non-zts-20151012
configure:3815: checking for PHP installed headers prefix
configure:3817: result: /usr/local/Cellar/php70/7.0.19_11/include/php
configure:3820: checking if debug is enabled
configure:3846: result: no
configure:3849: checking if zts is enabled
configure:3875: result: no
configure:3946: checking for re2c
configure:3976: result: no
configure:4001: WARNING: You will need re2c 0.13.4 or later if you want to regenerate PHP parsers.
configure:4015: checking for gawk
configure:4046: result: no
configure:4015: checking for nawk
configure:4046: result: no
configure:4015: checking for awk
configure:4032: found /usr/local/bin/awk
configure:4043: result: awk
configure:4066: checking if awk is broken
configure:4073: result: no
configure:4088: checking whether to enable swoole debug
configure:4102: result: no
configure:4111: checking enable sockets support
configure:4125: result: no
configure:4134: checking enable ringbuffer shared memory pool support
configure:4148: result: no
configure:4157: checking enable async_redis support
configure:4171: result: no
configure:4180: checking enable openssl support
configure:4194: result: no
configure:4203: checking enable http2.0 support
configure:4217: result: no
configure:4226: checking enable thread support
configure:4240: result: no
configure:4249: checking enable hugepage support
configure:4263: result: no
configure:4272: checking swoole support
configure:4311: result: yes, shared
configure:4320: checking swoole support
configure:4360: result: yes, shared
configure:4369: checking for OpenSSL support
configure:4384: result: no
configure:4393: checking for jemalloc support
configure:4408: result: no
configure:4417: checking enable mysqlnd support
configure:4431: result: no
configure:4440: checking enable picohttpparser support
configure:4454: result: no
configure:4463: checking enable timewheel support
configure:4477: result: no
configure:4489: checking if compiling with clang
configure:4507: cc -c -g -O2  conftest.c >&5
configure:4507: $? = 0
configure:4514: result: yes
configure:4517: checking if compiling with low version gcc.
configure:4535: cc -c -g -O2  conftest.c >&5
conftest.c:16:10: error: "low version gcc."
        #error "low version gcc."
         ^
1 error generated.
configure:4535: $? = 1
configure: failed program was:
| /* confdefs.h */
| #define PACKAGE_NAME ""
| #define PACKAGE_TARNAME ""
| #define PACKAGE_VERSION ""
| #define PACKAGE_STRING ""
| #define PACKAGE_BUGREPORT ""
| #define PACKAGE_URL ""
| /* end confdefs.h.  */
| 
| 
| int
| main ()
| {
| 
|         #if defined(__GNUC__) && ((__GNUC__ <= 4 && __GNUC_MINOR__ < 8))
|         #error "low version gcc."
|         #endif
| 
|   ;
|   return 0;
| }
configure:4542: result: yes
configure:4621: checking for cpu affinity
configure:4645: cc -c -g -O2 -fno-strict-aliasing -std=gnu89  conftest.c >&5
conftest.c:22:9: error: use of undeclared identifier 'cpu_set_t'
        cpu_set_t cpu_set;
        ^
conftest.c:23:19: error: use of undeclared identifier 'cpu_set'
        CPU_ZERO(&cpu_set);
                  ^
2 errors generated.
configure:4645: $? = 1
configure: failed program was:
| /* confdefs.h */
| #define PACKAGE_NAME ""
| #define PACKAGE_TARNAME ""
| #define PACKAGE_VERSION ""
| #define PACKAGE_STRING ""
| #define PACKAGE_BUGREPORT ""
| #define PACKAGE_URL ""
| /* end confdefs.h.  */
| 
|         #ifdef __FreeBSD__
|         #include <sys/types.h>
|         #include <sys/cpuset.h>
|         typedef cpuset_t cpu_set_t;
|         #else
|         #include <sched.h>
|         #endif
| 
| int
| main ()
| {
| 
|         cpu_set_t cpu_set;
|         CPU_ZERO(&cpu_set);
| 
|   ;
|   return 0;
| }
configure:4655: result: no
configure:4662: checking for socket REUSEPORT
configure:4680: cc -c -g -O2 -fno-strict-aliasing -std=gnu89  conftest.c >&5
configure:4680: $? = 0
configure:4685: result: yes
configure:4701: checking for clock_gettime in -lc
configure:4726: cc -o conftest -Wall -pthread -g -O2 -fno-strict-aliasing -std=gnu89   -lpthread conftest.c -lc   >&5
configure:4726: $? = 0
configure:4735: result: yes
configure:5205: checking for accept4 in -lc
configure:5230: cc -o conftest -Wall -pthread -g -O2 -fno-strict-aliasing -std=gnu89   -lpthread conftest.c -lc   >&5
Undefined symbols for architecture x86_64:
  "_accept4", referenced from:
      _main in conftest-e2ae66.o
ld: symbol(s) not found for architecture x86_64
clang: error: linker command failed with exit code 1 (use -v to see invocation)
configure:5230: $? = 1
configure: failed program was:
| /* confdefs.h */
| #define PACKAGE_NAME ""
| #define PACKAGE_TARNAME ""
| #define PACKAGE_VERSION ""
| #define PACKAGE_STRING ""
| #define PACKAGE_BUGREPORT ""
| #define PACKAGE_URL ""
| #define HAVE_REUSEPORT 1
| #define HAVE_CLOCK_GETTIME 1
| /* end confdefs.h.  */
| 
| /* Override any GCC internal prototype to avoid an error.
|    Use char because int might match the return type of a GCC
|    builtin and then its argument prototype would still apply.  */
| #ifdef __cplusplus
| extern "C"
| #endif
| char accept4 ();
| int
| main ()
| {
| return accept4 ();
|   ;
|   return 0;
| }
configure:5239: result: no
configure:5247: checking for signalfd in -lc
configure:5272: cc -o conftest -Wall -pthread -g -O2 -fno-strict-aliasing -std=gnu89   -lpthread conftest.c -lc   >&5
Undefined symbols for architecture x86_64:
  "_signalfd", referenced from:
      _main in conftest-643d95.o
ld: symbol(s) not found for architecture x86_64
clang: error: linker command failed with exit code 1 (use -v to see invocation)
configure:5272: $? = 1
configure: failed program was:
| /* confdefs.h */
| #define PACKAGE_NAME ""
| #define PACKAGE_TARNAME ""
| #define PACKAGE_VERSION ""
| #define PACKAGE_STRING ""
| #define PACKAGE_BUGREPORT ""
| #define PACKAGE_URL ""
| #define HAVE_REUSEPORT 1
| #define HAVE_CLOCK_GETTIME 1
| /* end confdefs.h.  */
| 
| /* Override any GCC internal prototype to avoid an error.
|    Use char because int might match the return type of a GCC
|    builtin and then its argument prototype would still apply.  */
| #ifdef __cplusplus
| extern "C"
| #endif
| char signalfd ();
| int
| main ()
| {
| return signalfd ();
|   ;
|   return 0;
| }
configure:5281: result: no
configure:5289: checking for timerfd_create in -lc
configure:5314: cc -o conftest -Wall -pthread -g -O2 -fno-strict-aliasing -std=gnu89   -lpthread conftest.c -lc   >&5
Undefined symbols for architecture x86_64:
  "_timerfd_create", referenced from:
      _main in conftest-dfa13b.o
ld: symbol(s) not found for architecture x86_64
clang: error: linker command failed with exit code 1 (use -v to see invocation)
configure:5314: $? = 1
configure: failed program was:
| /* confdefs.h */
| #define PACKAGE_NAME ""
| #define PACKAGE_TARNAME ""
| #define PACKAGE_VERSION ""
| #define PACKAGE_STRING ""
| #define PACKAGE_BUGREPORT ""
| #define PACKAGE_URL ""
| #define HAVE_REUSEPORT 1
| #define HAVE_CLOCK_GETTIME 1
| /* end confdefs.h.  */
| 
| /* Override any GCC internal prototype to avoid an error.
|    Use char because int might match the return type of a GCC
|    builtin and then its argument prototype would still apply.  */
| #ifdef __cplusplus
| extern "C"
| #endif
| char timerfd_create ();
| int
| main ()
| {
| return timerfd_create ();
|   ;
|   return 0;
| }
configure:5323: result: no
configure:5331: checking for eventfd in -lc
configure:5356: cc -o conftest -Wall -pthread -g -O2 -fno-strict-aliasing -std=gnu89   -lpthread conftest.c -lc   >&5
Undefined symbols for architecture x86_64:
  "_eventfd", referenced from:
      _main in conftest-6dfc12.o
ld: symbol(s) not found for architecture x86_64
clang: error: linker command failed with exit code 1 (use -v to see invocation)
configure:5356: $? = 1
configure: failed program was:
| /* confdefs.h */
| #define PACKAGE_NAME ""
| #define PACKAGE_TARNAME ""
| #define PACKAGE_VERSION ""
| #define PACKAGE_STRING ""
| #define PACKAGE_BUGREPORT ""
| #define PACKAGE_URL ""
| #define HAVE_REUSEPORT 1
| #define HAVE_CLOCK_GETTIME 1
| /* end confdefs.h.  */
| 
| /* Override any GCC internal prototype to avoid an error.
|    Use char because int might match the return type of a GCC
|    builtin and then its argument prototype would still apply.  */
| #ifdef __cplusplus
| extern "C"
| #endif
| char eventfd ();
| int
| main ()
| {
| return eventfd ();
|   ;
|   return 0;
| }
configure:5365: result: no
configure:5373: checking for epoll_create in -lc
configure:5398: cc -o conftest -Wall -pthread -g -O2 -fno-strict-aliasing -std=gnu89   -lpthread conftest.c -lc   >&5
Undefined symbols for architecture x86_64:
  "_epoll_create", referenced from:
      _main in conftest-8738ae.o
ld: symbol(s) not found for architecture x86_64
clang: error: linker command failed with exit code 1 (use -v to see invocation)
configure:5398: $? = 1
configure: failed program was:
| /* confdefs.h */
| #define PACKAGE_NAME ""
| #define PACKAGE_TARNAME ""
| #define PACKAGE_VERSION ""
| #define PACKAGE_STRING ""
| #define PACKAGE_BUGREPORT ""
| #define PACKAGE_URL ""
| #define HAVE_REUSEPORT 1
| #define HAVE_CLOCK_GETTIME 1
| /* end confdefs.h.  */
| 
| /* Override any GCC internal prototype to avoid an error.
|    Use char because int might match the return type of a GCC
|    builtin and then its argument prototype would still apply.  */
| #ifdef __cplusplus
| extern "C"
| #endif
| char epoll_create ();
| int
| main ()
| {
| return epoll_create ();
|   ;
|   return 0;
| }
configure:5407: result: no
configure:5415: checking for poll in -lc
configure:5440: cc -o conftest -Wall -pthread -g -O2 -fno-strict-aliasing -std=gnu89   -lpthread conftest.c -lc   >&5
configure:5440: $? = 0
configure:5449: result: yes
configure:5457: checking for sendfile in -lc
configure:5482: cc -o conftest -Wall -pthread -g -O2 -fno-strict-aliasing -std=gnu89   -lpthread conftest.c -lc   >&5
configure:5482: $? = 0
configure:5491: result: yes
configure:5499: checking for kqueue in -lc
configure:5524: cc -o conftest -Wall -pthread -g -O2 -fno-strict-aliasing -std=gnu89   -lpthread conftest.c -lc   >&5
configure:5524: $? = 0
configure:5533: result: yes
configure:5541: checking for backtrace in -lc
configure:5566: cc -o conftest -Wall -pthread -g -O2 -fno-strict-aliasing -std=gnu89   -lpthread conftest.c -lc   >&5
configure:5566: $? = 0
configure:5575: result: yes
configure:5583: checking for daemon in -lc
configure:5608: cc -o conftest -Wall -pthread -g -O2 -fno-strict-aliasing -std=gnu89   -lpthread conftest.c -lc   >&5
configure:5608: $? = 0
configure:5617: result: yes
configure:5625: checking for mkostemp in -lc
configure:5650: cc -o conftest -Wall -pthread -g -O2 -fno-strict-aliasing -std=gnu89   -lpthread conftest.c -lc   >&5
configure:5650: $? = 0
configure:5659: result: yes
configure:5667: checking for inotify_init in -lc
configure:5692: cc -o conftest -Wall -pthread -g -O2 -fno-strict-aliasing -std=gnu89   -lpthread conftest.c -lc   >&5
Undefined symbols for architecture x86_64:
  "_inotify_init", referenced from:
      _main in conftest-580527.o
ld: symbol(s) not found for architecture x86_64
clang: error: linker command failed with exit code 1 (use -v to see invocation)
configure:5692: $? = 1
configure: failed program was:
| /* confdefs.h */
| #define PACKAGE_NAME ""
| #define PACKAGE_TARNAME ""
| #define PACKAGE_VERSION ""
| #define PACKAGE_STRING ""
| #define PACKAGE_BUGREPORT ""
| #define PACKAGE_URL ""
| #define HAVE_REUSEPORT 1
| #define HAVE_CLOCK_GETTIME 1
| #define HAVE_POLL 1
| #define HAVE_SENDFILE 1
| #define HAVE_KQUEUE 1
| #define HAVE_EXECINFO 1
| #define HAVE_DAEMON 1
| #define HAVE_MKOSTEMP 1
| /* end confdefs.h.  */
| 
| /* Override any GCC internal prototype to avoid an error.
|    Use char because int might match the return type of a GCC
|    builtin and then its argument prototype would still apply.  */
| #ifdef __cplusplus
| extern "C"
| #endif
| char inotify_init ();
| int
| main ()
| {
| return inotify_init ();
|   ;
|   return 0;
| }
configure:5701: result: no
configure:5709: checking for malloc_trim in -lc
configure:5734: cc -o conftest -Wall -pthread -g -O2 -fno-strict-aliasing -std=gnu89   -lpthread conftest.c -lc   >&5
Undefined symbols for architecture x86_64:
  "_malloc_trim", referenced from:
      _main in conftest-2b9195.o
ld: symbol(s) not found for architecture x86_64
clang: error: linker command failed with exit code 1 (use -v to see invocation)
configure:5734: $? = 1
configure: failed program was:
| /* confdefs.h */
| #define PACKAGE_NAME ""
| #define PACKAGE_TARNAME ""
| #define PACKAGE_VERSION ""
| #define PACKAGE_STRING ""
| #define PACKAGE_BUGREPORT ""
| #define PACKAGE_URL ""
| #define HAVE_REUSEPORT 1
| #define HAVE_CLOCK_GETTIME 1
| #define HAVE_POLL 1
| #define HAVE_SENDFILE 1
| #define HAVE_KQUEUE 1
| #define HAVE_EXECINFO 1
| #define HAVE_DAEMON 1
| #define HAVE_MKOSTEMP 1
| /* end confdefs.h.  */
| 
| /* Override any GCC internal prototype to avoid an error.
|    Use char because int might match the return type of a GCC
|    builtin and then its argument prototype would still apply.  */
| #ifdef __cplusplus
| extern "C"
| #endif
| char malloc_trim ();
| int
| main ()
| {
| return malloc_trim ();
|   ;
|   return 0;
| }
configure:5743: result: no
configure:5751: checking for inotify_init1 in -lc
configure:5776: cc -o conftest -Wall -pthread -g -O2 -fno-strict-aliasing -std=gnu89   -lpthread conftest.c -lc   >&5
Undefined symbols for architecture x86_64:
  "_inotify_init1", referenced from:
      _main in conftest-3a0e07.o
ld: symbol(s) not found for architecture x86_64
clang: error: linker command failed with exit code 1 (use -v to see invocation)
configure:5776: $? = 1
configure: failed program was:
| /* confdefs.h */
| #define PACKAGE_NAME ""
| #define PACKAGE_TARNAME ""
| #define PACKAGE_VERSION ""
| #define PACKAGE_STRING ""
| #define PACKAGE_BUGREPORT ""
| #define PACKAGE_URL ""
| #define HAVE_REUSEPORT 1
| #define HAVE_CLOCK_GETTIME 1
| #define HAVE_POLL 1
| #define HAVE_SENDFILE 1
| #define HAVE_KQUEUE 1
| #define HAVE_EXECINFO 1
| #define HAVE_DAEMON 1
| #define HAVE_MKOSTEMP 1
| /* end confdefs.h.  */
| 
| /* Override any GCC internal prototype to avoid an error.
|    Use char because int might match the return type of a GCC
|    builtin and then its argument prototype would still apply.  */
| #ifdef __cplusplus
| extern "C"
| #endif
| char inotify_init1 ();
| int
| main ()
| {
| return inotify_init1 ();
|   ;
|   return 0;
| }
configure:5785: result: no
configure:5793: checking for pthread_rwlock_init in -lpthread
configure:5818: cc -o conftest -Wall -pthread -g -O2 -fno-strict-aliasing -std=gnu89   -lpthread conftest.c -lpthread   >&5
configure:5818: $? = 0
configure:5827: result: yes
configure:5835: checking for pthread_spin_lock in -lpthread
configure:5860: cc -o conftest -Wall -pthread -g -O2 -fno-strict-aliasing -std=gnu89   -lpthread conftest.c -lpthread   >&5
Undefined symbols for architecture x86_64:
  "_pthread_spin_lock", referenced from:
      _main in conftest-6c2501.o
ld: symbol(s) not found for architecture x86_64
clang: error: linker command failed with exit code 1 (use -v to see invocation)
configure:5860: $? = 1
configure: failed program was:
| /* confdefs.h */
| #define PACKAGE_NAME ""
| #define PACKAGE_TARNAME ""
| #define PACKAGE_VERSION ""
| #define PACKAGE_STRING ""
| #define PACKAGE_BUGREPORT ""
| #define PACKAGE_URL ""
| #define HAVE_REUSEPORT 1
| #define HAVE_CLOCK_GETTIME 1
| #define HAVE_POLL 1
| #define HAVE_SENDFILE 1
| #define HAVE_KQUEUE 1
| #define HAVE_EXECINFO 1
| #define HAVE_DAEMON 1
| #define HAVE_MKOSTEMP 1
| #define HAVE_RWLOCK 1
| /* end confdefs.h.  */
| 
| /* Override any GCC internal prototype to avoid an error.
|    Use char because int might match the return type of a GCC
|    builtin and then its argument prototype would still apply.  */
| #ifdef __cplusplus
| extern "C"
| #endif
| char pthread_spin_lock ();
| int
| main ()
| {
| return pthread_spin_lock ();
|   ;
|   return 0;
| }
configure:5869: result: no
configure:5877: checking for pthread_mutex_timedlock in -lpthread
configure:5902: cc -o conftest -Wall -pthread -g -O2 -fno-strict-aliasing -std=gnu89   -lpthread conftest.c -lpthread   >&5
Undefined symbols for architecture x86_64:
  "_pthread_mutex_timedlock", referenced from:
      _main in conftest-0bc2c1.o
ld: symbol(s) not found for architecture x86_64
clang: error: linker command failed with exit code 1 (use -v to see invocation)
configure:5902: $? = 1
configure: failed program was:
| /* confdefs.h */
| #define PACKAGE_NAME ""
| #define PACKAGE_TARNAME ""
| #define PACKAGE_VERSION ""
| #define PACKAGE_STRING ""
| #define PACKAGE_BUGREPORT ""
| #define PACKAGE_URL ""
| #define HAVE_REUSEPORT 1
| #define HAVE_CLOCK_GETTIME 1
| #define HAVE_POLL 1
| #define HAVE_SENDFILE 1
| #define HAVE_KQUEUE 1
| #define HAVE_EXECINFO 1
| #define HAVE_DAEMON 1
| #define HAVE_MKOSTEMP 1
| #define HAVE_RWLOCK 1
| /* end confdefs.h.  */
| 
| /* Override any GCC internal prototype to avoid an error.
|    Use char because int might match the return type of a GCC
|    builtin and then its argument prototype would still apply.  */
| #ifdef __cplusplus
| extern "C"
| #endif
| char pthread_mutex_timedlock ();
| int
| main ()
| {
| return pthread_mutex_timedlock ();
|   ;
|   return 0;
| }
configure:5911: result: no
configure:5919: checking for pthread_barrier_init in -lpthread
configure:5944: cc -o conftest -Wall -pthread -g -O2 -fno-strict-aliasing -std=gnu89   -lpthread conftest.c -lpthread   >&5
Undefined symbols for architecture x86_64:
  "_pthread_barrier_init", referenced from:
      _main in conftest-7ef723.o
ld: symbol(s) not found for architecture x86_64
clang: error: linker command failed with exit code 1 (use -v to see invocation)
configure:5944: $? = 1
configure: failed program was:
| /* confdefs.h */
| #define PACKAGE_NAME ""
| #define PACKAGE_TARNAME ""
| #define PACKAGE_VERSION ""
| #define PACKAGE_STRING ""
| #define PACKAGE_BUGREPORT ""
| #define PACKAGE_URL ""
| #define HAVE_REUSEPORT 1
| #define HAVE_CLOCK_GETTIME 1
| #define HAVE_POLL 1
| #define HAVE_SENDFILE 1
| #define HAVE_KQUEUE 1
| #define HAVE_EXECINFO 1
| #define HAVE_DAEMON 1
| #define HAVE_MKOSTEMP 1
| #define HAVE_RWLOCK 1
| /* end confdefs.h.  */
| 
| /* Override any GCC internal prototype to avoid an error.
|    Use char because int might match the return type of a GCC
|    builtin and then its argument prototype would still apply.  */
| #ifdef __cplusplus
| extern "C"
| #endif
| char pthread_barrier_init ();
| int
| main ()
| {
| return pthread_barrier_init ();
|   ;
|   return 0;
| }
configure:5953: result: no
configure:5961: checking for pcre_compile in -lpcre
configure:5986: cc -o conftest -Wall -pthread -g -O2 -fno-strict-aliasing -std=gnu89   -lpthread conftest.c -lpcre   >&5
configure:5986: $? = 0
configure:5995: result: yes
configure:6003: checking for redisConnect in -lhiredis
configure:6028: cc -o conftest -Wall -pthread -g -O2 -fno-strict-aliasing -std=gnu89   -lpthread conftest.c -lhiredis   >&5
ld: library not found for -lhiredis
clang: error: linker command failed with exit code 1 (use -v to see invocation)
configure:6028: $? = 1
configure: failed program was:
| /* confdefs.h */
| #define PACKAGE_NAME ""
| #define PACKAGE_TARNAME ""
| #define PACKAGE_VERSION ""
| #define PACKAGE_STRING ""
| #define PACKAGE_BUGREPORT ""
| #define PACKAGE_URL ""
| #define HAVE_REUSEPORT 1
| #define HAVE_CLOCK_GETTIME 1
| #define HAVE_POLL 1
| #define HAVE_SENDFILE 1
| #define HAVE_KQUEUE 1
| #define HAVE_EXECINFO 1
| #define HAVE_DAEMON 1
| #define HAVE_MKOSTEMP 1
| #define HAVE_RWLOCK 1
| #define HAVE_PCRE 1
| /* end confdefs.h.  */
| 
| /* Override any GCC internal prototype to avoid an error.
|    Use char because int might match the return type of a GCC
|    builtin and then its argument prototype would still apply.  */
| #ifdef __cplusplus
| extern "C"
| #endif
| char redisConnect ();
| int
| main ()
| {
| return redisConnect ();
|   ;
|   return 0;
| }
configure:6037: result: no
configure:6045: checking for nghttp2_hd_inflate_new in -lnghttp2
configure:6070: cc -o conftest -Wall -pthread -g -O2 -fno-strict-aliasing -std=gnu89   -lpthread conftest.c -lnghttp2   >&5
ld: library not found for -lnghttp2
clang: error: linker command failed with exit code 1 (use -v to see invocation)
configure:6070: $? = 1
configure: failed program was:
| /* confdefs.h */
| #define PACKAGE_NAME ""
| #define PACKAGE_TARNAME ""
| #define PACKAGE_VERSION ""
| #define PACKAGE_STRING ""
| #define PACKAGE_BUGREPORT ""
| #define PACKAGE_URL ""
| #define HAVE_REUSEPORT 1
| #define HAVE_CLOCK_GETTIME 1
| #define HAVE_POLL 1
| #define HAVE_SENDFILE 1
| #define HAVE_KQUEUE 1
| #define HAVE_EXECINFO 1
| #define HAVE_DAEMON 1
| #define HAVE_MKOSTEMP 1
| #define HAVE_RWLOCK 1
| #define HAVE_PCRE 1
| /* end confdefs.h.  */
| 
| /* Override any GCC internal prototype to avoid an error.
|    Use char because int might match the return type of a GCC
|    builtin and then its argument prototype would still apply.  */
| #ifdef __cplusplus
| extern "C"
| #endif
| char nghttp2_hd_inflate_new ();
| int
| main ()
| {
| return nghttp2_hd_inflate_new ();
|   ;
|   return 0;
| }
configure:6079: result: no
configure:6088: checking for gzgets in -lz
configure:6113: cc -o conftest -Wall -pthread -g -O2 -fno-strict-aliasing -std=gnu89   -lpthread conftest.c -lz   >&5
configure:6113: $? = 0
configure:6122: result: yes
configure:6821: checking for ld used by cc
configure:6888: result: /Applications/Xcode.app/Contents/Developer/Toolchains/XcodeDefault.xctoolchain/usr/bin/ld
configure:6895: checking if the linker (/Applications/Xcode.app/Contents/Developer/Toolchains/XcodeDefault.xctoolchain/usr/bin/ld) is GNU ld
configure:6910: result: no
configure:6915: checking for /Applications/Xcode.app/Contents/Developer/Toolchains/XcodeDefault.xctoolchain/usr/bin/ld option to reload object files
configure:6922: result: -r
configure:6940: checking for BSD-compatible nm
configure:6989: result: /usr/bin/nm -B
configure:6993: checking whether ln -s works
configure:6997: result: yes
configure:7004: checking how to recognize dependent libraries
configure:7190: result: pass_all
configure:7408: checking for ANSI C header files
configure:7428: cc -c -Wall -pthread -g -O2 -fno-strict-aliasing -std=gnu89  conftest.c >&5
configure:7428: $? = 0
configure:7501: cc -o conftest -Wall -pthread -g -O2 -fno-strict-aliasing -std=gnu89   -lpthread conftest.c  >&5
configure:7501: $? = 0
configure:7501: ./conftest
configure:7501: $? = 0
configure:7512: result: yes
configure:7525: checking for sys/types.h
configure:7525: cc -c -Wall -pthread -g -O2 -fno-strict-aliasing -std=gnu89  conftest.c >&5
configure:7525: $? = 0
configure:7525: result: yes
configure:7525: checking for sys/stat.h
configure:7525: cc -c -Wall -pthread -g -O2 -fno-strict-aliasing -std=gnu89  conftest.c >&5
configure:7525: $? = 0
configure:7525: result: yes
configure:7525: checking for stdlib.h
configure:7525: cc -c -Wall -pthread -g -O2 -fno-strict-aliasing -std=gnu89  conftest.c >&5
configure:7525: $? = 0
configure:7525: result: yes
configure:7525: checking for string.h
configure:7525: cc -c -Wall -pthread -g -O2 -fno-strict-aliasing -std=gnu89  conftest.c >&5
configure:7525: $? = 0
configure:7525: result: yes
configure:7525: checking for memory.h
configure:7525: cc -c -Wall -pthread -g -O2 -fno-strict-aliasing -std=gnu89  conftest.c >&5
configure:7525: $? = 0
configure:7525: result: yes
configure:7525: checking for strings.h
configure:7525: cc -c -Wall -pthread -g -O2 -fno-strict-aliasing -std=gnu89  conftest.c >&5
configure:7525: $? = 0
configure:7525: result: yes
configure:7525: checking for inttypes.h
configure:7525: cc -c -Wall -pthread -g -O2 -fno-strict-aliasing -std=gnu89  conftest.c >&5
configure:7525: $? = 0
configure:7525: result: yes
configure:7525: checking for stdint.h
configure:7525: cc -c -Wall -pthread -g -O2 -fno-strict-aliasing -std=gnu89  conftest.c >&5
configure:7525: $? = 0
configure:7525: result: yes
configure:7525: checking for unistd.h
configure:7525: cc -c -Wall -pthread -g -O2 -fno-strict-aliasing -std=gnu89  conftest.c >&5
configure:7525: $? = 0
configure:7525: result: yes
configure:7539: checking dlfcn.h usability
configure:7539: cc -c -Wall -pthread -g -O2 -fno-strict-aliasing -std=gnu89  conftest.c >&5
configure:7539: $? = 0
configure:7539: result: yes
configure:7539: checking dlfcn.h presence
configure:7539: cc -E  conftest.c
configure:7539: $? = 0
configure:7539: result: yes
configure:7539: checking for dlfcn.h
configure:7539: result: yes
configure:7561: checking the maximum length of command line arguments
configure:7673: result: 196608
configure:7685: checking command to parse /usr/bin/nm -B output from cc object
configure:7790: cc -c -Wall -pthread -g -O2 -fno-strict-aliasing -std=gnu89  conftest.c >&5
configure:7793: $? = 0
configure:7797: /usr/bin/nm -B conftest.o \| sed -n -e 's/^.*[ 	]\([BCDEGRST][BCDEGRST]*\)[ 	][ 	]*\([_A-Za-z][_A-Za-z0-9]*\)$/\1 \2 \2/p' \> conftest.nm
configure:7800: $? = 0
cannot find nm_test_var in conftest.nm
configure:7790: cc -c -Wall -pthread -g -O2 -fno-strict-aliasing -std=gnu89  conftest.c >&5
configure:7793: $? = 0
configure:7797: /usr/bin/nm -B conftest.o \| sed -n -e 's/^.*[ 	]\([BCDEGRST][BCDEGRST]*\)[ 	][ 	]*_\([_A-Za-z][_A-Za-z0-9]*\)$/\1 _\2 \2/p' \> conftest.nm
configure:7800: $? = 0
configure:7852: cc -o conftest -Wall -pthread -g -O2 -fno-strict-aliasing -std=gnu89   -lpthread conftest.c conftstm.o >&5
warning: (x86_64)  could not find object file symbol for symbol _main
configure:7855: $? = 0
configure:7893: result: ok
configure:7897: checking for objdir
configure:7912: result: .libs
configure:8004: checking for ar
configure:8020: found /usr/bin/ar
configure:8031: result: ar
configure:8096: checking for ranlib
configure:8112: found /usr/bin/ranlib
configure:8123: result: ranlib
configure:8188: checking for strip
configure:8204: found /usr/bin/strip
configure:8215: result: strip
configure:8468: checking for dsymutil
configure:8484: found /usr/bin/dsymutil
configure:8495: result: dsymutil
configure:8560: checking for nmedit
configure:8576: found /usr/bin/nmedit
configure:8587: result: nmedit
configure:8610: checking for -single_module linker flag
configure:8631: result: yes
configure:8633: checking for -exported_symbols_list linker flag
configure:8649: cc -o conftest -Wall -pthread -g -O2 -fno-strict-aliasing -std=gnu89   -lpthread -Wl,-exported_symbols_list,conftest.sym conftest.c  >&5
configure:8652: $? = 0
configure:8666: result: yes
configure:8784: checking if cc supports -fno-rtti -fno-exceptions
configure:8802: cc -c -Wall -pthread -g -O2 -fno-strict-aliasing -std=gnu89  -fno-rtti -fno-exceptions conftest.c >&5
configure:8806: $? = 0
configure:8819: result: yes
configure:8834: checking for cc option to produce PIC
configure:9074: result: -fno-common
configure:9082: checking if cc PIC flag -fno-common works
configure:9100: cc -c -Wall -pthread -g -O2 -fno-strict-aliasing -std=gnu89  -fno-common -DPIC conftest.c >&5
configure:9104: $? = 0
configure:9117: result: yes
configure:9145: checking if cc static flag -static works
configure:9173: result: no
configure:9183: checking if cc supports -c -o file.o
configure:9204: cc -c -Wall -pthread -g -O2 -fno-strict-aliasing -std=gnu89  -o out/conftest2.o conftest.c >&5
configure:9208: $? = 0
configure:9230: result: yes
configure:9256: checking whether the cc linker (/Applications/Xcode.app/Contents/Developer/Toolchains/XcodeDefault.xctoolchain/usr/bin/ld) supports shared libraries
configure:10184: result: yes
configure:10251: checking dynamic linker characteristics
configure:10849: result: darwin16.6.0 dyld
configure:10873: checking how to hardcode library paths into programs
configure:10898: result: immediate
configure:10912: checking whether stripping libraries is possible
configure:10926: result: yes
configure:11434: checking if libtool supports shared libraries
configure:11436: result: yes
configure:11439: checking whether to build shared libraries
configure:11460: result: yes
configure:11463: checking whether to build static libraries
configure:11467: result: no
configure:11562: result:
creating libtool
configure:15261: creating ./config.status

## ---------------------- ##
## Running config.status. ##
## ---------------------- ##

This file was extended by config.status, which was
generated by GNU Autoconf 2.69.  Invocation command line was

  CONFIG_FILES    = 
  CONFIG_HEADERS  = 
  CONFIG_LINKS    = 
  CONFIG_COMMANDS = 
  $ ./config.status 

on local

config.status:687: creating config.h

## ---------------- ##
## Cache variables. ##
## ---------------- ##

ac_cv_build=x86_64-apple-darwin16.6.0
ac_cv_c_compiler_gnu=yes
ac_cv_env_CC_set=
ac_cv_env_CC_value=
ac_cv_env_CFLAGS_set=
ac_cv_env_CFLAGS_value=
ac_cv_env_CPPFLAGS_set=
ac_cv_env_CPPFLAGS_value=
ac_cv_env_CPP_set=
ac_cv_env_CPP_value=
ac_cv_env_LDFLAGS_set=
ac_cv_env_LDFLAGS_value=
ac_cv_env_LIBS_set=
ac_cv_env_LIBS_value=
ac_cv_env_build_alias_set=
ac_cv_env_build_alias_value=
ac_cv_env_host_alias_set=
ac_cv_env_host_alias_value=
ac_cv_env_target_alias_set=
ac_cv_env_target_alias_value=
ac_cv_header_dlfcn_h=yes
ac_cv_header_inttypes_h=yes
ac_cv_header_memory_h=yes
ac_cv_header_stdc=yes
ac_cv_header_stdint_h=yes
ac_cv_header_stdlib_h=yes
ac_cv_header_string_h=yes
ac_cv_header_strings_h=yes
ac_cv_header_sys_stat_h=yes
ac_cv_header_sys_types_h=yes
ac_cv_header_unistd_h=yes
ac_cv_host=x86_64-apple-darwin16.6.0
ac_cv_lib_c_accept4=no
ac_cv_lib_c_backtrace=yes
ac_cv_lib_c_clock_gettime=yes
ac_cv_lib_c_daemon=yes
ac_cv_lib_c_epoll_create=no
ac_cv_lib_c_eventfd=no
ac_cv_lib_c_inotify_init1=no
ac_cv_lib_c_inotify_init=no
ac_cv_lib_c_kqueue=yes
ac_cv_lib_c_malloc_trim=no
ac_cv_lib_c_mkostemp=yes
ac_cv_lib_c_poll=yes
ac_cv_lib_c_sendfile=yes
ac_cv_lib_c_signalfd=no
ac_cv_lib_c_timerfd_create=no
ac_cv_lib_hiredis_redisConnect=no
ac_cv_lib_nghttp2_nghttp2_hd_inflate_new=no
ac_cv_lib_pcre_pcre_compile=yes
ac_cv_lib_pthread_pthread_barrier_init=no
ac_cv_lib_pthread_pthread_mutex_timedlock=no
ac_cv_lib_pthread_pthread_rwlock_init=yes
ac_cv_lib_pthread_pthread_spin_lock=no
ac_cv_lib_z_gzgets=yes
ac_cv_objext=o
ac_cv_path_EGREP='/usr/bin/grep -E'
ac_cv_path_GREP=/usr/bin/grep
ac_cv_prog_AWK=awk
ac_cv_prog_CPP='cc -E'
ac_cv_prog_ac_ct_AR=ar
ac_cv_prog_ac_ct_CC=cc
ac_cv_prog_ac_ct_DSYMUTIL=dsymutil
ac_cv_prog_ac_ct_NMEDIT=nmedit
ac_cv_prog_ac_ct_RANLIB=ranlib
ac_cv_prog_ac_ct_STRIP=strip
ac_cv_prog_cc_c89=
ac_cv_prog_cc_cc_c_o=yes
ac_cv_prog_cc_g=yes
ac_cv_target=x86_64-apple-darwin16.6.0
lt_cv_apple_cc_single_mod=yes
lt_cv_deplibs_check_method=pass_all
lt_cv_file_magic_cmd='$MAGIC_CMD'
lt_cv_file_magic_test_file=
lt_cv_ld_exported_symbols_list=yes
lt_cv_ld_reload_flag=-r
lt_cv_objdir=.libs
lt_cv_path_LD=/Applications/Xcode.app/Contents/Developer/Toolchains/XcodeDefault.xctoolchain/usr/bin/ld
lt_cv_path_NM='/usr/bin/nm -B'
lt_cv_path_SED=/usr/bin/sed
lt_cv_prog_compiler_c_o=yes
lt_cv_prog_compiler_pic_works=yes
lt_cv_prog_compiler_rtti_exceptions=yes
lt_cv_prog_compiler_static_works=no
lt_cv_prog_gnu_ld=no
lt_cv_sys_global_symbol_pipe='sed -n -e '\''s/^.*[ 	]\([BCDEGRST][BCDEGRST]*\)[ 	][ 	]*_\([_A-Za-z][_A-Za-z0-9]*\)$/\1 _\2 \2/p'\'''
lt_cv_sys_global_symbol_to_c_name_address='sed -n -e '\''s/^: \([^ ]*\) $/  {\"\1\", (lt_ptr) 0},/p'\'' -e '\''s/^[BCDEGRST] \([^ ]*\) \([^ ]*\)$/  {"\2", (lt_ptr) \&\2},/p'\'''
lt_cv_sys_global_symbol_to_cdecl='sed -n -e '\''s/^. .* \(.*\)$/extern int \1;/p'\'''
lt_cv_sys_lib_dlsearch_path_spec='/usr/local/lib /lib /usr/lib'
lt_cv_sys_lib_search_path_spec='/Applications/Xcode.app/Contents/Developer/Toolchains/XcodeDefault.xctoolchain/usr/lib/clang/8.1.0 /usr/local/lib'
lt_cv_sys_max_cmd_len=196608
lt_lt_cv_prog_compiler_c_o='"yes"'
lt_lt_cv_sys_global_symbol_pipe='"sed -n -e '\''s/^.*[ 	]\\([BCDEGRST][BCDEGRST]*\\)[ 	][ 	]*_\\([_A-Za-z][_A-Za-z0-9]*\\)\$/\\1 _\\2 \\2/p'\''"'
lt_lt_cv_sys_global_symbol_to_c_name_address='"sed -n -e '\''s/^: \\([^ ]*\\) \$/  {\\\"\\1\\\", (lt_ptr) 0},/p'\'' -e '\''s/^[BCDEGRST] \\([^ ]*\\) \\([^ ]*\\)\$/  {\"\\2\", (lt_ptr) \\&\\2},/p'\''"'
lt_lt_cv_sys_global_symbol_to_cdecl='"sed -n -e '\''s/^. .* \\(.*\\)\$/extern int \\1;/p'\''"'
php_cv_cc_dashr=no
php_cv_cc_rpath=yes

## ----------------- ##
## Output variables. ##
## ----------------- ##

AR='ar'
AWK='awk'
CC='cc'
CFLAGS='-Wall -pthread -g -O2 -fno-strict-aliasing -std=gnu89'
CONFIGURE_COMMAND=' '\''./configure'\'' '
CONFIGURE_OPTIONS=''
CPP='cc -E'
CPPFLAGS=' -DHAVE_CONFIG_H'
DEFS='-DHAVE_CONFIG_H'
DSYMUTIL='dsymutil'
ECHO='/bin/echo'
ECHO_C='\c'
ECHO_N=''
ECHO_T=''
EGREP='/usr/bin/grep -E'
EXEEXT=''
GREP='/usr/bin/grep'
LDFLAGS=' -lpthread'
LIBOBJS=''
LIBS=''
LIBTOOL='$(SHELL) $(top_builddir)/libtool'
LN_S='ln -s'
LTLIBOBJS=''
NMEDIT='nmedit'
OBJEXT='o'
PACKAGE_BUGREPORT=''
PACKAGE_NAME=''
PACKAGE_STRING=''
PACKAGE_TARNAME=''
PACKAGE_URL=''
PACKAGE_VERSION=''
PATH_SEPARATOR=':'
RANLIB='ranlib'
RE2C='exit 0;'
SED='/usr/bin/sed'
SHELL='/bin/sh'
SHLIB_DL_SUFFIX_NAME='so'
SHLIB_SUFFIX_NAME='dylib'
STRIP='strip'
ac_ct_CC='cc'
bindir='${exec_prefix}/bin'
build='x86_64-apple-darwin16.6.0'
build_alias=''
build_cpu='x86_64'
build_os='darwin16.6.0'
build_vendor='apple'
datadir='${datarootdir}'
datarootdir='${prefix}/share'
docdir='${datarootdir}/doc/${PACKAGE}'
dvidir='${docdir}'
exec_prefix='$(prefix)'
host='x86_64-apple-darwin16.6.0'
host_alias='x86_64-apple-darwin16.6.0'
host_cpu='x86_64'
host_os='darwin16.6.0'
host_vendor='apple'
htmldir='${docdir}'
includedir='${prefix}/include'
infodir='${datarootdir}/info'
libdir='${exec_prefix}/lib'
libexecdir='${exec_prefix}/libexec'
localedir='${datarootdir}/locale'
localstatedir='${prefix}/var'
mandir='${datarootdir}/man'
oldincludedir='/usr/include'
pdfdir='${docdir}'
prefix='/usr/local/Cellar/php70/7.0.19_11'
program_transform_name='s,x,x,'
psdir='${docdir}'
sbindir='${exec_prefix}/sbin'
sharedstatedir='${prefix}/com'
sysconfdir='${prefix}/etc'
target='x86_64-apple-darwin16.6.0'
target_alias=''
target_cpu='x86_64'
target_os='darwin16.6.0'
target_vendor='apple'

## ----------- ##
## confdefs.h. ##
## ----------- ##

/* confdefs.h */
#define PACKAGE_NAME ""
#define PACKAGE_TARNAME ""
#define PACKAGE_VERSION ""
#define PACKAGE_STRING ""
#define PACKAGE_BUGREPORT ""
#define PACKAGE_URL ""
#define HAVE_REUSEPORT 1
#define HAVE_CLOCK_GETTIME 1
#define HAVE_POLL 1
#define HAVE_SENDFILE 1
#define HAVE_KQUEUE 1
#define HAVE_EXECINFO 1
#define HAVE_DAEMON 1
#define HAVE_MKOSTEMP 1
#define HAVE_RWLOCK 1
#define HAVE_PCRE 1
#define SW_HAVE_ZLIB 1
#define COMPILE_DL_SWOOLE 1
#define STDC_HEADERS 1
#define HAVE_SYS_TYPES_H 1
#define HAVE_SYS_STAT_H 1
#define HAVE_STDLIB_H 1
#define HAVE_STRING_H 1
#define HAVE_MEMORY_H 1
#define HAVE_STRINGS_H 1
#define HAVE_INTTYPES_H 1
#define HAVE_STDINT_H 1
#define HAVE_UNISTD_H 1
#define HAVE_DLFCN_H 1

configure: exit 0
